# JRE version: OpenJDK Runtime Environment Temurin-21.0.6+7 (21.0.6+7) (build 21.0.6+7-LTS)
# Java VM: OpenJDK 64-Bit Server VM Temurin-21.0.6+7 (21.0.6+7-LTS, mixed mode, emulated-client, sharing, tiered, compressed oops, compressed class ptrs, g1 gc, windows-amd64)
GC Precious Log:
 CardTable entry size: 512
 Card Set container configuration: InlinePtr #cards 4 size 8 Array Of Cards #cards 16 size 48 Howl #buckets 8 coarsen threshold 3686 Howl Bitmap #cards 512 size 80 coarsen threshold 460 Card regions per heap region 1 cards per card region 4096
 CPUs: 8 total, 8 available
 Memory: 16221M
 Large Page Support: Disabled
 NUMA Support: Disabled
 Compressed Oops: Enabled (Zero based)
 Heap Region Size: 2M
 Heap Min Capacity: 8M
 Heap Initial Capacity: 254M
 Heap Max Capacity: 4056M
 Pre-touch: Disabled
 Parallel Workers: 8
 Concurrent Workers: 2
 Concurrent Refinement Workers: 8
 Periodic GC: Disabled
Heap:
 garbage-first heap   total 110592K, used 73109K [0x0000000702800000, 0x0000000800000000)
  region size 2048K, 24 young (49152K), 0 survivors (0K)
 Metaspace       used 75876K, committed 76544K, reserved 1179648K
  class space    used 10699K, committed 11008K, reserved 1048576K
GC Heap History (20 events):
Event: 3.888 GC heap before
{Heap before GC invocations=16 (full 0):
 garbage-first heap   total 83968K, used 68622K [0x0000000702800000, 0x0000000800000000)
  region size 2048K, 24 young (49152K), 2 survivors (4096K)
 Metaspace       used 57709K, committed 58368K, reserved 1114112K
  class space    used 7911K, committed 8192K, reserved 1048576K
}
Event: 3.892 GC heap after
{Heap after GC invocations=17 (full 0):
 garbage-first heap   total 102400K, used 27091K [0x0000000702800000, 0x0000000800000000)
  region size 2048K, 3 young (6144K), 3 survivors (6144K)
 Metaspace       used 57709K, committed 58368K, reserved 1114112K
  class space    used 7911K, committed 8192K, reserved 1048576K
}
Event: 4.201 GC heap before
{Heap before GC invocations=17 (full 0):
 garbage-first heap   total 102400K, used 82387K [0x0000000702800000, 0x0000000800000000)
  region size 2048K, 30 young (61440K), 3 survivors (6144K)
 Metaspace       used 63051K, committed 63744K, reserved 1114112K
  class space    used 8590K, committed 8896K, reserved 1048576K
}
Event: 4.205 GC heap after
{Heap after GC invocations=18 (full 0):
 garbage-first heap   total 102400K, used 27520K [0x0000000702800000, 0x0000000800000000)
  region size 2048K, 3 young (6144K), 3 survivors (6144K)
 Metaspace       used 63051K, committed 63744K, reserved 1114112K
  class space    used 8590K, committed 8896K, reserved 1048576K
}
Event: 4.410 GC heap before
{Heap before GC invocations=18 (full 0):
 garbage-first heap   total 102400K, used 82816K [0x0000000702800000, 0x0000000800000000)
  region size 2048K, 30 young (61440K), 3 survivors (6144K)
 Metaspace       used 64567K, committed 65280K, reserved 1114112K
  class space    used 8958K, committed 9280K, reserved 1048576K
}
Event: 4.413 GC heap after
{Heap after GC invocations=19 (full 0):
 garbage-first heap   total 102400K, used 29089K [0x0000000702800000, 0x0000000800000000)
  region size 2048K, 3 young (6144K), 3 survivors (6144K)
 Metaspace       used 64567K, committed 65280K, reserved 1114112K
  class space    used 8958K, committed 9280K, reserved 1048576K
}
Event: 4.589 GC heap before
{Heap before GC invocations=19 (full 0):
 garbage-first heap   total 102400K, used 82337K [0x0000000702800000, 0x0000000800000000)
  region size 2048K, 30 young (61440K), 3 survivors (6144K)
 Metaspace       used 66372K, committed 67008K, reserved 1114112K
  class space    used 9333K, committed 9600K, reserved 1048576K
}
Event: 4.595 GC heap after
{Heap after GC invocations=20 (full 0):
 garbage-first heap   total 102400K, used 33225K [0x0000000702800000, 0x0000000800000000)
  region size 2048K, 4 young (8192K), 4 survivors (8192K)
 Metaspace       used 66372K, committed 67008K, reserved 1114112K
  class space    used 9333K, committed 9600K, reserved 1048576K
}
Event: 4.731 GC heap before
{Heap before GC invocations=20 (full 0):
 garbage-first heap   total 102400K, used 84425K [0x0000000702800000, 0x0000000800000000)
  region size 2048K, 30 young (61440K), 4 survivors (8192K)
 Metaspace       used 68147K, committed 68864K, reserved 1114112K
  class space    used 9597K, committed 9920K, reserved 1048576K
}
Event: 4.736 GC heap after
{Heap after GC invocations=21 (full 0):
 garbage-first heap   total 122880K, used 35630K [0x0000000702800000, 0x0000000800000000)
  region size 2048K, 2 young (4096K), 2 survivors (4096K)
 Metaspace       used 68147K, committed 68864K, reserved 1114112K
  class space    used 9597K, committed 9920K, reserved 1048576K
}
Event: 96.501 GC heap before
{Heap before GC invocations=21 (full 0):
 garbage-first heap   total 122880K, used 97070K [0x0000000702800000, 0x0000000800000000)
  region size 2048K, 33 young (67584K), 2 survivors (4096K)
 Metaspace       used 71955K, committed 72704K, reserved 1114112K
  class space    used 10163K, committed 10496K, reserved 1048576K
}
Event: 96.531 GC heap after
{Heap after GC invocations=22 (full 1):
 garbage-first heap   total 110592K, used 28291K [0x0000000702800000, 0x0000000800000000)
  region size 2048K, 0 young (0K), 0 survivors (0K)
 Metaspace       used 71955K, committed 72704K, reserved 1114112K
  class space    used 10163K, committed 10496K, reserved 1048576K
}
Event: 97.169 GC heap before
{Heap before GC invocations=22 (full 1):
 garbage-first heap   total 110592K, used 89731K [0x0000000702800000, 0x0000000800000000)
  region size 2048K, 31 young (63488K), 0 survivors (0K)
 Metaspace       used 72275K, committed 73024K, reserved 1114112K
  class space    used 10196K, committed 10560K, reserved 1048576K
}
Event: 97.173 GC heap after
{Heap after GC invocations=23 (full 1):
 garbage-first heap   total 110592K, used 33660K [0x0000000702800000, 0x0000000800000000)
  region size 2048K, 3 young (6144K), 3 survivors (6144K)
 Metaspace       used 72275K, committed 73024K, reserved 1114112K
  class space    used 10196K, committed 10560K, reserved 1048576K
}
Event: 280.674 GC heap before
{Heap before GC invocations=24 (full 1):
 garbage-first heap   total 110592K, used 80764K [0x0000000702800000, 0x0000000800000000)
  region size 2048K, 28 young (57344K), 3 survivors (6144K)
 Metaspace       used 75481K, committed 76224K, reserved 1179648K
  class space    used 10659K, committed 11008K, reserved 1048576K
}
Event: 280.710 GC heap after
{Heap after GC invocations=25 (full 2):
 garbage-first heap   total 110592K, used 28878K [0x0000000702800000, 0x0000000800000000)
  region size 2048K, 0 young (0K), 0 survivors (0K)
 Metaspace       used 75478K, committed 76224K, reserved 1179648K
  class space    used 10658K, committed 11008K, reserved 1048576K
}
Event: 281.248 GC heap before
{Heap before GC invocations=25 (full 2):
 garbage-first heap   total 110592K, used 90318K [0x0000000702800000, 0x0000000800000000)
  region size 2048K, 30 young (61440K), 0 survivors (0K)
 Metaspace       used 75794K, committed 76480K, reserved 1179648K
  class space    used 10691K, committed 11008K, reserved 1048576K
}
Event: 281.251 GC heap after
{Heap after GC invocations=26 (full 2):
 garbage-first heap   total 110592K, used 34767K [0x0000000702800000, 0x0000000800000000)
  region size 2048K, 3 young (6144K), 3 survivors (6144K)
 Metaspace       used 75794K, committed 76480K, reserved 1179648K
  class space    used 10691K, committed 11008K, reserved 1048576K
}
Event: 570.768 GC heap before
{Heap before GC invocations=26 (full 2):
 garbage-first heap   total 110592K, used 51151K [0x0000000702800000, 0x0000000800000000)
  region size 2048K, 12 young (24576K), 3 survivors (6144K)
 Metaspace       used 75815K, committed 76480K, reserved 1179648K
  class space    used 10694K, committed 11008K, reserved 1048576K
}
Event: 570.801 GC heap after
{Heap after GC invocations=27 (full 3):
 garbage-first heap   total 110592K, used 28053K [0x0000000702800000, 0x0000000800000000)
  region size 2048K, 0 young (0K), 0 survivors (0K)
 Metaspace       used 75745K, committed 76480K, reserved 1179648K
  class space    used 10675K, committed 11008K, reserved 1048576K
}

